<?xml version="1.0" encoding="UTF-8"?>
<!-- Generated by org.testng.reporters.JUnitReportReporter -->
<testsuite hostname="chauthai" failures="0" tests="3" name="orlandoHealthloginPage.OrlandoHealthLoginPageTest" time="18.859" errors="0" timestamp="2022-09-20T09:37:41 EDT" skipped="0">
  <testcase classname="orlandoHealthloginPage.OrlandoHealthLoginPageTest" name="user_click_on_cardiology" time="10.740"/>
  <system-out/>
  <testcase classname="orlandoHealthloginPage.OrlandoHealthLoginPageTest" name="user_click_on_Mychart" time="3.919"/>
  <system-out/>
  <testcase classname="orlandoHealthloginPage.OrlandoHealthLoginPageTest" name="user_click_on_appointment" time="4.200"/>
  <system-out/>
</testsuite> <!-- orlandoHealthloginPage.OrlandoHealthLoginPageTest -->
