<?xml version="1.0" encoding="UTF-8"?>
<!-- Generated by org.testng.reporters.JUnitReportReporter -->
<testsuite hostname="chauthai" failures="0" tests="1" name="scrollingUpscrollingDown.ScrollingDownAndThenScrollingUp" time="0.006" errors="0" timestamp="2022-10-30T22:26:45 EDT" skipped="0">
  <testcase classname="scrollingUpscrollingDown.ScrollingDownAndThenScrollingUp" name="dfjk" time="0.006"/>
  <system-out/>
</testsuite> <!-- scrollingUpscrollingDown.ScrollingDownAndThenScrollingUp -->
