<?xml version="1.0" encoding="UTF-8"?>
<!-- Generated by org.testng.reporters.JUnitReportReporter -->
<testsuite hostname="chauthai" failures="0" tests="1" name="OrlandoMyChartByEpic.OrlandoMyChartByEpicPageTest" time="0.001" errors="0" timestamp="2022-10-30T22:26:45 EDT" skipped="0">
  <testcase classname="OrlandoMyChartByEpic.OrlandoMyChartByEpicPageTest" name="dfjk" time="0.001"/>
  <system-out/>
</testsuite> <!-- OrlandoMyChartByEpic.OrlandoMyChartByEpicPageTest -->
