<?xml version="1.0" encoding="UTF-8"?>
<!-- Generated by org.testng.reporters.JUnitReportReporter -->
<testsuite hostname="chauthai" failures="0" tests="1" name="scrollingUpscrollingDown.OrlandoHealthScrolling" time="8.771" errors="0" timestamp="2022-10-30T22:18:09 EDT" skipped="0">
  <testcase classname="scrollingUpscrollingDown.OrlandoHealthScrolling" name="SrollingUpAndDown" time="8.771"/>
  <system-out/>
</testsuite> <!-- scrollingUpscrollingDown.OrlandoHealthScrolling -->
