<?xml version="1.0" encoding="UTF-8"?>
<!-- Generated by org.testng.reporters.JUnitReportReporter -->
<testsuite hostname="chauthai" failures="0" tests="1" name="orlandoHealthSignUpPage.OrlandoSignUpPageTest" time="0.000" errors="0" timestamp="2022-09-20T09:59:36 EDT" skipped="0">
  <testcase classname="orlandoHealthSignUpPage.OrlandoSignUpPageTest" name="dk" time="0.000"/>
  <system-out/>
</testsuite> <!-- orlandoHealthSignUpPage.OrlandoSignUpPageTest -->
