<?xml version="1.0" encoding="UTF-8"?>
<!-- Generated by org.testng.reporters.JUnitReportReporter -->
<testsuite hostname="chauthai" failures="0" tests="5" name="orlandoHealthloginPage.OrlandoHealthLoginPageTest" time="35.577" errors="0" timestamp="2022-10-31T00:12:17 EDT" skipped="0">
  <testcase classname="orlandoHealthloginPage.OrlandoHealthLoginPageTest" name="user_click_on_appointment" time="7.182"/>
  <system-out/>
  <testcase classname="orlandoHealthloginPage.OrlandoHealthLoginPageTest" name="dfjk" time="2.839"/>
  <system-out/>
  <testcase classname="orlandoHealthloginPage.OrlandoHealthLoginPageTest" name="user_click_on_cardiology" time="6.648"/>
  <system-out/>
  <testcase classname="orlandoHealthloginPage.OrlandoHealthLoginPageTest" name="user_click_on_Mychart" time="6.383"/>
  <system-out/>
  <testcase classname="orlandoHealthloginPage.OrlandoHealthLoginPageTest" name="userCanSeeSignUpNow" time="12.525"/>
  <system-out/>
</testsuite> <!-- orlandoHealthloginPage.OrlandoHealthLoginPageTest -->
